28.08.2020 12:57:24.486 [main] INFO   All pojo - Читаем файлы из каталога:  D:\KotlinProjects\bicompPrepare
28.08.2020 12:57:24.705 [main] INFO   All pojo - Найден файл:  D:\KotlinProjects\bicompPrepare\FXbicom.properties
28.08.2020 12:57:24.715 [main] INFO   All pojo - Прочитан текст:   [readDir=c:\\Temp\\BicompWorker\\read\\, workDir=c:\\Temp\\BicompWorker\\work\\, sourceDir=c:\\Temp\\BicompWorker\\source\\, changeFile=ChangeDate.xml, projectName=FXbicomp.jar]
28.08.2020 12:57:24.727 [main] INFO   All pojo - Найдено свойство:   readDir : c:\\Temp\\BicompWorker\\read\\
28.08.2020 12:57:24.727 [main] INFO   All pojo - Найдено свойство:   workDir : c:\\Temp\\BicompWorker\\work\\
28.08.2020 12:57:24.729 [main] INFO   All pojo - Найдено свойство:   sourceDir : c:\\Temp\\BicompWorker\\source\\
28.08.2020 12:57:24.730 [main] INFO   All pojo - Найдено свойство:   changeFile : ChangeDate.xml
28.08.2020 12:57:24.732 [main] INFO   All pojo - Найдено свойство:   projectName : FXbicomp.jar
28.08.2020 12:57:24.742 [main] INFO   All pojo - Найден файл свойств  FXbicom.properties запустить обработку?(y/n):
28.08.2020 12:57:31.741 [main] DEBUG  All pojo - y
28.08.2020 12:57:31.755 [main] INFO   All pojo - проверка данных в файле  FXbicom.properties
28.08.2020 12:57:31.765 [main] INFO   All pojo - Свойства успешно проверены 
28.08.2020 12:57:31.766 [main] INFO   All pojo - Проверяем наличие доп.файлов  - FRREPRunner.java
28.08.2020 12:57:31.766 [main] INFO   All pojo - Поиск архива с проектом  - KERNEL....
28.08.2020 12:57:31.771 [main] INFO   All pojo - Найден файл:  c:\Temp\BicompWorker\read\p603_00_184_KERNEL#39_5286U.ex
28.08.2020 12:57:31.773 [main] INFO   All pojo - Найден файл:  c:\Temp\BicompWorker\read\p603_00_214_KERNEL#40.ex
28.08.2020 12:57:31.773 [main] INFO   All pojo - Найден файл:  c:\Temp\BicompWorker\read\p604_00_006_KERNEL#01_5286U.ex
28.08.2020 12:57:31.774 [main] INFO   All pojo - Найден файл:  c:\Temp\BicompWorker\read\p604_00_014_KERNEL#05.ex
28.08.2020 12:57:31.774 [main] DEBUG  All pojo - Проект версии 603_00_184 существует. Все равно обработать?(y/n)
28.08.2020 12:57:34.367 [main] DEBUG  All pojo - n
28.08.2020 12:57:34.368 [main] DEBUG  All pojo - Проект версии 603_00_214 существует. Все равно обработать?(y/n)
28.08.2020 12:57:36.013 [main] DEBUG  All pojo - n
28.08.2020 12:57:36.014 [main] DEBUG  All pojo - Проект версии 604_00_006 существует. Все равно обработать?(y/n)
28.08.2020 12:57:37.479 [main] DEBUG  All pojo - y
28.08.2020 12:57:37.479 [main] DEBUG  All pojo - 7z.exe x -y -r c:\\Temp\\BicompWorker\\read\\\p604_00_006_KERNEL#01_5286U.ex  "-oc:\\Temp\\BicompWorker\\work\\\604_00_006"
28.08.2020 12:57:37.479 [main] DEBUG  All pojo - Wait........
28.08.2020 12:57:39.702 [main] INFO   All pojo - Проект успешно разархивирован
28.08.2020 12:57:39.703 [main] DEBUG  All pojo - c:\\Temp\\BicompWorker\\work\\\604_00_006\Client\JAPP\FXbicomp.jar
28.08.2020 12:57:39.703 [main] DEBUG  All pojo - FXbicomp.jar найден
28.08.2020 12:58:28.501 [main] INFO   All pojo - Читаем файлы из каталога:  D:\KotlinProjects\bicompPrepare
28.08.2020 12:58:28.608 [main] INFO   All pojo - Найден файл:  D:\KotlinProjects\bicompPrepare\FXbicom.properties
28.08.2020 12:58:28.619 [main] INFO   All pojo - Прочитан текст:   [readDir=c:\\Temp\\BicompWorker\\read\\, workDir=c:\\Temp\\BicompWorker\\work\\, sourceDir=c:\\Temp\\BicompWorker\\source\\, changeFile=ChangeDate.xml, projectName=FXbicomp.jar]
28.08.2020 12:58:28.633 [main] INFO   All pojo - Найдено свойство:   readDir : c:\\Temp\\BicompWorker\\read\\
28.08.2020 12:58:28.634 [main] INFO   All pojo - Найдено свойство:   workDir : c:\\Temp\\BicompWorker\\work\\
28.08.2020 12:58:28.634 [main] INFO   All pojo - Найдено свойство:   sourceDir : c:\\Temp\\BicompWorker\\source\\
28.08.2020 12:58:28.635 [main] INFO   All pojo - Найдено свойство:   changeFile : ChangeDate.xml
28.08.2020 12:58:28.636 [main] INFO   All pojo - Найдено свойство:   projectName : FXbicomp.jar
28.08.2020 12:58:28.650 [main] INFO   All pojo - Найден файл свойств  FXbicom.properties запустить обработку?(y/n):
28.08.2020 12:58:32.891 [main] DEBUG  All pojo - y
28.08.2020 12:58:32.900 [main] INFO   All pojo - проверка данных в файле  FXbicom.properties
28.08.2020 12:58:32.911 [main] INFO   All pojo - Свойства успешно проверены 
28.08.2020 12:58:32.911 [main] INFO   All pojo - Проверяем наличие доп.файлов  - FRREPRunner.java
28.08.2020 12:58:32.911 [main] INFO   All pojo - Поиск архива с проектом  - KERNEL....
28.08.2020 12:58:32.916 [main] INFO   All pojo - Найден файл:  c:\Temp\BicompWorker\read\p603_00_184_KERNEL#39_5286U.ex
28.08.2020 12:58:32.918 [main] INFO   All pojo - Найден файл:  c:\Temp\BicompWorker\read\p603_00_214_KERNEL#40.ex
28.08.2020 12:58:32.918 [main] INFO   All pojo - Найден файл:  c:\Temp\BicompWorker\read\p604_00_006_KERNEL#01_5286U.ex
28.08.2020 12:58:32.919 [main] INFO   All pojo - Найден файл:  c:\Temp\BicompWorker\read\p604_00_014_KERNEL#05.ex
28.08.2020 12:58:32.919 [main] DEBUG  All pojo - Проект версии 603_00_184 существует. Все равно обработать?(y/n)
28.08.2020 12:58:34.599 [main] DEBUG  All pojo - n
28.08.2020 12:58:34.599 [main] DEBUG  All pojo - Проект версии 603_00_214 существует. Все равно обработать?(y/n)
28.08.2020 12:58:35.747 [main] DEBUG  All pojo - n
28.08.2020 12:58:35.748 [main] DEBUG  All pojo - Проект версии 604_00_006 существует. Все равно обработать?(y/n)
28.08.2020 12:58:36.867 [main] DEBUG  All pojo - n
28.08.2020 12:58:36.867 [main] DEBUG  All pojo - Проект версии 604_00_014 существует. Все равно обработать?(y/n)
28.08.2020 12:58:41.460 [main] DEBUG  All pojo - n
28.08.2020 13:21:23.119 [main] INFO   All pojo - Читаем файлы из каталога:  D:\KotlinProjects\bicompPrepare
28.08.2020 13:21:23.226 [main] INFO   All pojo - Найден файл:  D:\KotlinProjects\bicompPrepare\FXbicom.properties
28.08.2020 13:21:23.237 [main] INFO   All pojo - Прочитан текст:   [readDir=c:\\Temp\\BicompWorker\\read\\, workDir=c:\\Temp\\BicompWorker\\work\\, sourceDir=c:\\Temp\\BicompWorker\\source\\, changeFile=ChangeDate.xml, projectName=FXbicomp.jar]
28.08.2020 13:21:23.301 [main] INFO   All pojo - Найдено свойство:   readDir : c:\\Temp\\BicompWorker\\read\\
28.08.2020 13:21:23.301 [main] INFO   All pojo - Найдено свойство:   workDir : c:\\Temp\\BicompWorker\\work\\
28.08.2020 13:21:23.302 [main] INFO   All pojo - Найдено свойство:   sourceDir : c:\\Temp\\BicompWorker\\source\\
28.08.2020 13:21:23.302 [main] INFO   All pojo - Найдено свойство:   changeFile : ChangeDate.xml
28.08.2020 13:21:23.303 [main] INFO   All pojo - Найдено свойство:   projectName : FXbicomp.jar
28.08.2020 13:21:23.313 [main] INFO   All pojo - Найден файл свойств  FXbicom.properties запустить обработку?(y/n):
28.08.2020 13:21:25.604 [main] DEBUG  All pojo - y
28.08.2020 13:21:25.607 [main] INFO   All pojo - проверка данных в файле  FXbicom.properties
28.08.2020 13:21:25.616 [main] INFO   All pojo - Свойства успешно проверены 
28.08.2020 13:21:25.617 [main] INFO   All pojo - Проверяем наличие доп.файлов  - FRREPRunner.java
28.08.2020 13:21:25.617 [main] INFO   All pojo - Поиск архива с проектом  - KERNEL....
28.08.2020 13:21:25.623 [main] INFO   All pojo - Найден файл:  c:\Temp\BicompWorker\read\p603_00_184_KERNEL#39_5286U.ex
28.08.2020 13:21:25.625 [main] INFO   All pojo - Найден файл:  c:\Temp\BicompWorker\read\p603_00_214_KERNEL#40.ex
28.08.2020 13:21:25.625 [main] INFO   All pojo - Найден файл:  c:\Temp\BicompWorker\read\p604_00_006_KERNEL#01_5286U.ex
28.08.2020 13:21:25.626 [main] INFO   All pojo - Найден файл:  c:\Temp\BicompWorker\read\p604_00_014_KERNEL#05.ex
28.08.2020 13:21:25.627 [main] DEBUG  All pojo - Проект версии 603_00_184 существует. Все равно обработать?(y/n)
28.08.2020 13:21:28.730 [main] DEBUG  All pojo - n
28.08.2020 13:21:28.730 [main] DEBUG  All pojo - Проект версии 603_00_214 существует. Все равно обработать?(y/n)
28.08.2020 13:21:30.019 [main] DEBUG  All pojo - n
28.08.2020 13:21:30.020 [main] DEBUG  All pojo - Проект версии 604_00_006 существует. Все равно обработать?(y/n)
28.08.2020 13:21:31.372 [main] DEBUG  All pojo - n
28.08.2020 13:21:31.373 [main] DEBUG  All pojo - Проект версии 604_00_014 существует. Все равно обработать?(y/n)
28.08.2020 13:21:32.769 [main] DEBUG  All pojo - y
28.08.2020 13:21:32.770 [main] DEBUG  All pojo - 7z.exe x -y -r c:\\Temp\\BicompWorker\\read\\\p604_00_014_KERNEL#05.ex  "-oc:\\Temp\\BicompWorker\\work\\\604_00_014"
28.08.2020 13:21:32.770 [main] DEBUG  All pojo - Wait........
28.08.2020 13:21:37.404 [main] INFO   All pojo - Проект успешно разархивирован
28.08.2020 13:21:37.405 [main] DEBUG  All pojo - c:\\Temp\\BicompWorker\\work\\\604_00_014\Client\JAPP\FXbicomp.jar
28.08.2020 13:21:37.405 [main] DEBUG  All pojo - FXbicomp.jar найден
28.08.2020 13:23:15.235 [main] INFO   All pojo - Читаем файлы из каталога:  D:\KotlinProjects\bicompPrepare
28.08.2020 13:23:15.386 [main] INFO   All pojo - Найден файл:  D:\KotlinProjects\bicompPrepare\FXbicom.properties
28.08.2020 13:23:15.396 [main] INFO   All pojo - Прочитан текст:   [readDir=c:\\Temp\\BicompWorker\\read\\, workDir=c:\\Temp\\BicompWorker\\work\\, sourceDir=c:\\Temp\\BicompWorker\\source\\, changeFile=ChangeDate.xml, projectName=FXbicomp.jar]
28.08.2020 13:23:15.457 [main] INFO   All pojo - Найдено свойство:   readDir : c:\\Temp\\BicompWorker\\read\\
28.08.2020 13:23:15.457 [main] INFO   All pojo - Найдено свойство:   workDir : c:\\Temp\\BicompWorker\\work\\
28.08.2020 13:23:15.458 [main] INFO   All pojo - Найдено свойство:   sourceDir : c:\\Temp\\BicompWorker\\source\\
28.08.2020 13:23:15.458 [main] INFO   All pojo - Найдено свойство:   changeFile : ChangeDate.xml
28.08.2020 13:23:15.460 [main] INFO   All pojo - Найдено свойство:   projectName : FXbicomp.jar
28.08.2020 13:23:15.477 [main] INFO   All pojo - Найден файл свойств  FXbicom.properties запустить обработку?(y/n):
28.08.2020 13:23:17.490 [main] DEBUG  All pojo - y
28.08.2020 13:23:17.527 [main] INFO   All pojo - проверка данных в файле  FXbicom.properties
28.08.2020 13:23:17.538 [main] INFO   All pojo - Свойства успешно проверены 
28.08.2020 13:23:17.538 [main] INFO   All pojo - Проверяем наличие доп.файлов  - FRREPRunner.java
28.08.2020 13:23:17.538 [main] INFO   All pojo - Поиск архива с проектом  - KERNEL....
28.08.2020 13:23:17.543 [main] INFO   All pojo - Найден файл:  c:\Temp\BicompWorker\read\p603_00_184_KERNEL#39_5286U.ex
28.08.2020 13:23:17.545 [main] INFO   All pojo - Найден файл:  c:\Temp\BicompWorker\read\p603_00_214_KERNEL#40.ex
28.08.2020 13:23:17.546 [main] INFO   All pojo - Найден файл:  c:\Temp\BicompWorker\read\p604_00_006_KERNEL#01_5286U.ex
28.08.2020 13:23:17.547 [main] INFO   All pojo - Найден файл:  c:\Temp\BicompWorker\read\p604_00_014_KERNEL#05.ex
28.08.2020 13:23:17.548 [main] DEBUG  All pojo - Проект версии 603_00_184 существует. Все равно обработать?(y/n)
28.08.2020 13:23:21.142 [main] DEBUG  All pojo - n
28.08.2020 13:23:21.142 [main] DEBUG  All pojo - Проект версии 603_00_214 существует. Все равно обработать?(y/n)
28.08.2020 13:23:26.248 [main] DEBUG  All pojo - n
28.08.2020 13:23:26.248 [main] DEBUG  All pojo - Проект версии 604_00_006 существует. Все равно обработать?(y/n)
28.08.2020 13:23:28.295 [main] DEBUG  All pojo - n
28.08.2020 13:23:28.296 [main] DEBUG  All pojo - Проект версии 604_00_014 существует. Все равно обработать?(y/n)
28.08.2020 13:23:29.897 [main] DEBUG  All pojo - y
28.08.2020 13:23:29.897 [main] DEBUG  All pojo - 7z.exe x -y -r c:\\Temp\\BicompWorker\\read\\\p604_00_014_KERNEL#05.ex  "-oc:\\Temp\\BicompWorker\\work\\\604_00_014"
28.08.2020 13:23:29.897 [main] DEBUG  All pojo - Wait........
28.08.2020 13:23:33.029 [main] INFO   All pojo - Проект успешно разархивирован
28.08.2020 13:23:33.030 [main] DEBUG  All pojo - c:\\Temp\\BicompWorker\\work\\\604_00_014\Client\JAPP\FXbicomp.jar
28.08.2020 13:23:33.030 [main] DEBUG  All pojo - FXbicomp.jar найден
